
*** Starting uWSGI 2.0.11.2 (64bit) on [Mon Nov 23 00:27:35 2015] ***
compiled with version: 4.2.1 Compatible Apple LLVM 7.0.0 (clang-700.1.76) on 15 November 2015 01:12:22
os: Darwin-15.0.0 Darwin Kernel Version 15.0.0: Sat Sep 19 15:53:46 PDT 2015; root:xnu-3247.10.11~1/RELEASE_X86_64
nodename: YU
machine: x86_64
clock source: unix
pcre jit disabled
detected number of CPU cores: 8
current working directory: /private/var/www/mysite
detected binary path: /Users/YU/.virtualenvs/testenv/bin/uwsgi
your processes number limit is 709
your memory page size is 4096 bytes
detected max file descriptor number: 256
lock engine: OSX spinlocks
thunder lock: disabled (you can enable it with --thunder-lock)
uwsgi socket 0 bound to UNIX address /var/www/mysite/mysite_uwsgi.sock fd 3
Python version: 3.4.3 (v3.4.3:9b73f1c3e601, Feb 23 2015, 02:52:03)  [GCC 4.2.1 (Apple Inc. build 5666) (dot 3)]
*** Python threads support is disabled. You can enable it with --enable-threads ***
Python main interpreter initialized at 0x7fef89600820
your server socket listen backlog is limited to 100 connections
your mercy for graceful operations on workers is 60 seconds
mapped 363760 bytes (355 KB) for 4 cores
*** Operational MODE: preforking ***
['.', '', '/Users/YU/.virtualenvs/testenv/lib/python3.4/site-packages', '/Library/Frameworks/Python.framework/Versions/3.4/lib/python34.zip', '/Library/Frameworks/Python.framework/Versions/3.4/lib/python3.4/', '/Library/Frameworks/Python.framework/Versions/3.4/lib/python3.4/plat-darwin', '/Library/Frameworks/Python.framework/Versions/3.4/lib/python3.4/lib-dynload']
WSGI app 0 (mountpoint='') ready in 0 seconds on interpreter 0x7fef89600820 pid: 4308 (default app)
*** uWSGI is running in multiple interpreter mode ***
spawned uWSGI master process (pid: 4308)
spawned uWSGI worker 1 (pid: 4309, cores: 1)
spawned uWSGI worker 2 (pid: 4310, cores: 1)
spawned uWSGI worker 3 (pid: 4311, cores: 1)
spawned uWSGI worker 4 (pid: 4312, cores: 1)
SIGINT/SIGQUIT received...killing workers...
worker 4 buried after 1 seconds
worker 3 buried after 1 seconds
worker 2 buried after 1 seconds
worker 1 buried after 1 seconds
goodbye to uWSGI.
VACUUM: unix socket /var/www/mysite/mysite_uwsgi.sock removed.
*** Starting uWSGI 2.0.11.2 (64bit) on [Mon Nov 23 00:28:18 2015] ***
compiled with version: 4.2.1 Compatible Apple LLVM 7.0.0 (clang-700.1.76) on 15 November 2015 01:12:22
os: Darwin-15.0.0 Darwin Kernel Version 15.0.0: Sat Sep 19 15:53:46 PDT 2015; root:xnu-3247.10.11~1/RELEASE_X86_64
nodename: YU
machine: x86_64
clock source: unix
pcre jit disabled
detected number of CPU cores: 8
current working directory: /private/var/www/mysite
detected binary path: /Users/YU/.virtualenvs/testenv/bin/uwsgi
your processes number limit is 709
your memory page size is 4096 bytes
detected max file descriptor number: 256
lock engine: OSX spinlocks
thunder lock: disabled (you can enable it with --thunder-lock)
uwsgi socket 0 bound to UNIX address /var/www/mysite/mysite_uwsgi.sock fd 3
Python version: 3.4.3 (v3.4.3:9b73f1c3e601, Feb 23 2015, 02:52:03)  [GCC 4.2.1 (Apple Inc. build 5666) (dot 3)]
*** Python threads support is disabled. You can enable it with --enable-threads ***
Python main interpreter initialized at 0x7fd142c0ac70
your server socket listen backlog is limited to 100 connections
your mercy for graceful operations on workers is 60 seconds
mapped 363760 bytes (355 KB) for 4 cores
*** Operational MODE: preforking ***
WSGI app 0 (mountpoint='') ready in 0 seconds on interpreter 0x7fd142c0ac70 pid: 4404 (default app)
*** uWSGI is running in multiple interpreter mode ***
spawned uWSGI master process (pid: 4404)
spawned uWSGI worker 1 (pid: 4405, cores: 1)
spawned uWSGI worker 2 (pid: 4406, cores: 1)
spawned uWSGI worker 3 (pid: 4407, cores: 1)
spawned uWSGI worker 4 (pid: 4408, cores: 1)
[pid: 4408|app: 0|req: 1/1] 127.0.0.1 () {36 vars in 594 bytes} [Mon Nov 23 00:28:38 2015] GET / => generated 5 bytes in 2 msecs (HTTP/1.1 200) 2 headers in 78 bytes (1 switches on core 0)
[pid: 4408|app: 0|req: 2/2] 127.0.0.1 () {38 vars in 589 bytes} [Mon Nov 23 00:28:38 2015] GET /favicon.ico => generated 233 bytes in 13 msecs (HTTP/1.1 404) 2 headers in 72 bytes (1 switches on core 0)
SIGINT/SIGQUIT received...killing workers...
worker 4 buried after 1 seconds
worker 3 buried after 1 seconds
worker 2 buried after 1 seconds
worker 1 buried after 1 seconds
goodbye to uWSGI.
VACUUM: unix socket /var/www/mysite/mysite_uwsgi.sock removed.
